#-----------------------------------------------------------
# Vivado v2018.3 (64-bit)
# SW Build 2405991 on Thu Dec  6 23:38:27 MST 2018
# IP Build 2404404 on Fri Dec  7 01:43:56 MST 2018
# Start of session at: Mon Jul 17 21:05:16 2023
# Process ID: 5136
# Current directory: E:/DNNv4/pp717/dnn_690t
# Command line: vivado.exe -gui_launcher_event rodinguilauncherevent10576 E:\DNNv4\pp717\dnn_690t\dnn_690t.xpr
# Log file: E:/DNNv4/pp717/dnn_690t/vivado.log
# Journal file: E:/DNNv4/pp717/dnn_690t\vivado.jou
#-----------------------------------------------------------
start_gui
open_project E:/DNNv4/pp717/dnn_690t/dnn_690t.xpr
INFO: [Project 1-313] Project file moved from 'F:/DNN_IP/DNNv4/ppa715/dnn_690t' since last save.
Scanning sources...
Finished scanning sources
WARNING: [filemgmt 56-2] IP Repository Path: Could not find the directory 'E:/DNNv4/pp717/uart_ddr1/IPfor690t', nor could it be found using path 'F:/DNN_IP/DNNv4/ppa715/uart_ddr1/IPfor690t'.
INFO: [IP_Flow 19-234] Refreshing IP repositories
WARNING: [IP_Flow 19-2248] Failed to load user IP repository 'e:/DNNv4/pp717/uart_ddr1/IPfor690t'; Can't find the specified path.
If this directory should no longer be in your list of user repositories, go to the IP Settings dialog and remove it.
INFO: [IP_Flow 19-2313] Loaded Vivado IP repository 'E:/development_tools/vivado201803/Vivado/2018.3/data/ip'.
open_project: Time (s): cpu = 00:00:24 ; elapsed = 00:00:18 . Memory (MB): peak = 957.621 ; gain = 360.762
update_compile_order -fileset sources_1
update_compile_order -fileset sources_1
update_compile_order -fileset sources_1
launch_simulation -install_path C:/modeltech64_10.6d/win64 -simset [get_filesets sim_2 ]
INFO: [Vivado 12-5698] Checking validity of IPs in the design for the 'ModelSim' simulator...
INFO: [Vivado 12-5682] Launching behavioral simulation in 'E:/DNNv4/pp717/dnn_690t/dnn_690t.sim/sim_2/behav/modelsim'
INFO: [Vivado 12-4795] Using compiled simulation libraries for IPs
INFO: [USF-ModelSim-47] Finding simulator installation...
INFO: [USF-ModelSim-50] Using simulator executables from 'C:/modeltech64_10.6d/win64/vsim.exe'
INFO: [SIM-utils-51] Simulation object is 'sim_2'
INFO: [USF-modelsim-7] Finding pre-compiled libraries...
CRITICAL WARNING: [USF-modelsim-8] Failed to find the pre-compiled simulation library!
INFO: [USF-modelsim-9]  Recommendation:- Please follow these instructions to resolve this issue:-
 - set the 'COMPXLIB.MODELSIM_COMPILED_LIBRARY_DIR' project property to the directory where Xilinx simulation libraries are compiled for ModelSim/QuestaSim, or
 - set the 'MODELSIM' environment variable to point to the modelsim.ini file, or
 - set the 'WD_MGC' environment variable to point to the directory containing the modelsim.ini file
INFO: [SIM-utils-54] Inspecting design source files for 'tb_position_resolution' in fileset 'sim_2'...
INFO: [SIM-utils-43] Exported 'E:/DNNv4/pp717/dnn_690t/dnn_690t.sim/sim_2/behav/modelsim/ExpROM.mif'
INFO: [SIM-utils-43] Exported 'E:/DNNv4/pp717/dnn_690t/dnn_690t.sim/sim_2/behav/modelsim/exp.coe'
INFO: [SIM-utils-43] Exported 'E:/DNNv4/pp717/dnn_690t/dnn_690t.sim/sim_2/behav/modelsim/biasBuffer_Rom.mif'
INFO: [SIM-utils-43] Exported 'E:/DNNv4/pp717/dnn_690t/dnn_690t.sim/sim_2/behav/modelsim/bias_dao_1127.coe'
INFO: [SIM-utils-43] Exported 'E:/DNNv4/pp717/dnn_690t/dnn_690t.sim/sim_2/behav/modelsim/blk_mem_gen_0.mif'
INFO: [SIM-utils-43] Exported 'E:/DNNv4/pp717/dnn_690t/dnn_690t.sim/sim_2/behav/modelsim/VLIW_504_256k.coe'
INFO: [USF-ModelSim-107] Finding global include files...
INFO: [USF-ModelSim-108] Finding include directories and verilog header directory paths...
INFO: [USF-ModelSim-109] Fetching design files from 'sim_2'...
INFO: [USF-ModelSim-2] ModelSim::Compile design
INFO: [USF-ModelSim-15] Creating automatic 'do' files...
INFO: [USF-ModelSim-69] Executing 'COMPILE and ANALYZE' step in 'E:/DNNv4/pp717/dnn_690t/dnn_690t.sim/sim_2/behav/modelsim'
Reading C:/modeltech64_10.6d/tcl/vsim/pref.tcl

# 10.6d

# do {tb_position_resolution_compile.do}
# ** Error: Model Technology ModelSim SE-64 vmap 10.6d Lib Mapping Utility 2018.02 Feb 24 2018
# vmap xil_defaultlib modelsim_lib/msim/xil_defaultlib 
# Copying C:/modeltech64_10.6d/win64/../modelsim.ini to modelsim.ini
# Modifying modelsim.ini
# ** Warning: Copied C:/modeltech64_10.6d/win64/../modelsim.ini to modelsim.ini.
#          Updated modelsim.ini.
#          MODELSIM set to C:/modeltech64_10.6d/win64/../modelsim.ini.
#          The MODELSIM environment variable is used to find the modelsim.ini
#          file, so this local copy will not be used.
# Error in macro ./tb_position_resolution_compile.do line 28
# Model Technology ModelSim SE-64 vmap 10.6d Lib Mapping Utility 2018.02 Feb 24 2018
# vmap xil_defaultlib modelsim_lib/msim/xil_defaultlib 
# Copying C:/modeltech64_10.6d/win64/../modelsim.ini to modelsim.ini
# Modifying modelsim.ini
# ** Warning: Copied C:/modeltech64_10.6d/win64/../modelsim.ini to modelsim.ini.
#          Updated modelsim.ini.
#          MODELSIM set to C:/modeltech64_10.6d/win64/../modelsim.ini.
#          The MODELSIM environment variable is used to find the modelsim.ini
#          file, so this local copy will not be used.
#     while executing
# "exec <nul: {C:\modeltech64_10.6d\win64\vmap.EXE} xil_defaultlib modelsim_lib/msim/xil_defaultlib"
#     ("uplevel" body line 1)
#     invoked from within
# "uplevel 1 exec $redir $new [lrange $args 1 end]"
#     (procedure "::unknown" line 47)
#     invoked from within
# "C:\\modeltech64_10.6d\\win64\\vmap xil_defaultlib modelsim_lib/msim/xil_defaultlib"
ModelSim> INFO: [Common 17-41] Interrupt caught. Command should exit soon.
run_program: Time (s): cpu = 00:00:02 ; elapsed = 00:00:14 . Memory (MB): peak = 1784.738 ; gain = 0.000
INFO: [Common 17-344] 'run_program' was cancelled
INFO: [Vivado 12-5357] 'compile' step aborted
launch_simulation: Time (s): cpu = 00:00:10 ; elapsed = 00:00:22 . Memory (MB): peak = 1784.738 ; gain = 0.000
INFO: [Common 17-344] 'launch_simulation' was cancelled
reset_simulation -simset sim_2 -mode behavioral
INFO: [Vivado 12-2266] Removing simulation data...
INFO: [Vivado 12-2267] Reset complete
set_property compxlib.modelsim_compiled_library_dir E:/development_tools/Modelsim/Vivado201803SimLib [current_project]
launch_simulation -install_path C:/modeltech64_10.6d/win64 -simset [get_filesets sim_2 ]
INFO: [Vivado 12-5698] Checking validity of IPs in the design for the 'ModelSim' simulator...
INFO: [Vivado 12-5682] Launching behavioral simulation in 'E:/DNNv4/pp717/dnn_690t/dnn_690t.sim/sim_2/behav/modelsim'
INFO: [Vivado 12-4795] Using compiled simulation libraries for IPs
INFO: [USF-ModelSim-47] Finding simulator installation...
INFO: [USF-ModelSim-50] Using simulator executables from 'C:/modeltech64_10.6d/win64/vsim.exe'
INFO: [SIM-utils-51] Simulation object is 'sim_2'
INFO: [USF-modelsim-7] Finding pre-compiled libraries...
INFO: [USF-modelsim-11] File 'E:/development_tools/Modelsim/Vivado201803SimLib/modelsim.ini' copied to run dir:'E:/DNNv4/pp717/dnn_690t/dnn_690t.sim/sim_2/behav/modelsim'
INFO: [SIM-utils-54] Inspecting design source files for 'tb_position_resolution' in fileset 'sim_2'...
INFO: [SIM-utils-43] Exported 'E:/DNNv4/pp717/dnn_690t/dnn_690t.sim/sim_2/behav/modelsim/ExpROM.mif'
INFO: [SIM-utils-43] Exported 'E:/DNNv4/pp717/dnn_690t/dnn_690t.sim/sim_2/behav/modelsim/exp.coe'
INFO: [SIM-utils-43] Exported 'E:/DNNv4/pp717/dnn_690t/dnn_690t.sim/sim_2/behav/modelsim/biasBuffer_Rom.mif'
INFO: [SIM-utils-43] Exported 'E:/DNNv4/pp717/dnn_690t/dnn_690t.sim/sim_2/behav/modelsim/bias_dao_1127.coe'
INFO: [SIM-utils-43] Exported 'E:/DNNv4/pp717/dnn_690t/dnn_690t.sim/sim_2/behav/modelsim/blk_mem_gen_0.mif'
INFO: [SIM-utils-43] Exported 'E:/DNNv4/pp717/dnn_690t/dnn_690t.sim/sim_2/behav/modelsim/VLIW_504_256k.coe'
INFO: [USF-ModelSim-107] Finding global include files...
INFO: [USF-ModelSim-108] Finding include directories and verilog header directory paths...
INFO: [USF-ModelSim-109] Fetching design files from 'sim_2'...
INFO: [USF-ModelSim-2] ModelSim::Compile design
INFO: [USF-ModelSim-15] Creating automatic 'do' files...
INFO: [USF-ModelSim-69] Executing 'COMPILE and ANALYZE' step in 'E:/DNNv4/pp717/dnn_690t/dnn_690t.sim/sim_2/behav/modelsim'
Reading C:/modeltech64_10.6d/tcl/vsim/pref.tcl

# 10.6d

# do {tb_position_resolution_compile.do}
# Model Technology ModelSim SE-64 vmap 10.6d Lib Mapping Utility 2018.02 Feb 24 2018
# vmap xil_defaultlib modelsim_lib/msim/xil_defaultlib 
# Modifying modelsim.ini
# ** Warning: (vlog-159) Mode option -64 is not supported in this context and will be ignored.
# Model Technology ModelSim SE-64 vlog 10.6d Compiler 2018.02 Feb 24 2018
# Start time: 21:21:21 on Jul 17,2023
# vlog -64 -incr -work xil_defaultlib "+incdir+../../../../dnn_690t.srcs/sources_1/bd/design_1/ipshared/85a3" "+incdir+../../../../dnn_690t.srcs/sources_1/bd/design_1/ipshared/54bd/hdl/verilog" "+incdir+../../../../dnn_690t.srcs/sources_1/bd/design_1/ipshared/ec67/hdl" "+incdir+../../../../dnn_690t.srcs/sources_1/new" "+incdir+../../../../dnn_690t.srcs/sources_1/imports/BaiduNetdiskDownload/dnn_690t/dnn_690t/dnn_690t.srcs/sim_1/imports/Desktop/dnn_690t_0403/dnn_690t/dnn_690t.srcs/sim" "+incdir+../../../../dnn_690t.srcs/sim_1/imports/Desktop/mig_7series_0_ex/imports" "+incdir+../../../../dnn_690t.srcs/sim_1/imports/Desktop/dnn_690t_0403/dnn_690t/dnn_690t.srcs/sim" "+incdir+../../../../dnn_690t.srcs/sim_2/imports/imports" ../../../../dnn_690t.srcs/sources_1/ip/FIFO_W96_D512/sim/FIFO_W96_D512.v ../../../../dnn_690t.srcs/sources_1/ip/ExpROM/sim/ExpROM.v 
# -- Compiling module FIFO_W96_D512
# -- Compiling module ExpROM
# 
# Top level modules:
# 	FIFO_W96_D512
# 	ExpROM
# End time: 21:21:21 on Jul 17,2023, Elapsed time: 0:00:00
# Errors: 0, Warnings: 1
# ** Warning: (vcom-159) Mode option -64 is not supported in this context and will be ignored.
# Model Technology ModelSim SE-64 vcom 10.6d Compiler 2018.02 Feb 24 2018
# Start time: 21:21:21 on Jul 17,2023
# vcom -64 -93 -work xil_defaultlib ../../../../dnn_690t.srcs/sources_1/ip/div_gen/sim/div_gen.vhd 
# -- Loading package STANDARD
# -- Loading package TEXTIO
# -- Loading package std_logic_1164
# -- Loading package NUMERIC_STD
# -- Compiling entity div_gen
# -- Compiling architecture div_gen_arch of div_gen
# End time: 21:21:21 on Jul 17,2023, Elapsed time: 0:00:00
# Errors: 0, Warnings: 1
# ** Warning: (vlog-159) Mode option -64 is not supported in this context and will be ignored.
# Model Technology ModelSim SE-64 vlog 10.6d Compiler 2018.02 Feb 24 2018
# Start time: 21:21:21 on Jul 17,2023
# vlog -64 -incr -work xil_defaultlib "+incdir+../../../../dnn_690t.srcs/sources_1/bd/design_1/ipshared/85a3" "+incdir+../../../../dnn_690t.srcs/sources_1/bd/design_1/ipshared/54bd/hdl/verilog" "+incdir+../../../../dnn_690t.srcs/sources_1/bd/design_1/ipshared/ec67/hdl" "+incdir+../../../../dnn_690t.srcs/sources_1/new" "+incdir+../../../../dnn_690t.srcs/sources_1/imports/BaiduNetdiskDownload/dnn_690t/dnn_690t/dnn_690t.srcs/sim_1/imports/Desktop/dnn_690t_0403/dnn_690t/dnn_690t.srcs/sim" "+incdir+../../../../dnn_690t.srcs/sim_1/imports/Desktop/mig_7series_0_ex/imports" "+incdir+../../../../dnn_690t.srcs/sim_1/imports/Desktop/dnn_690t_0403/dnn_690t/dnn_690t.srcs/sim" "+incdir+../../../../dnn_690t.srcs/sim_2/imports/imports" ../../../../dnn_690t.srcs/sources_1/ip/bram32_512/sim/bram32_512.v ../../../../dnn_690t.srcs/sources_1/new/NMS.v ../../../../dnn_690t.srcs/sources_1/new/box_iou.v ../../../../dnn_690t.srcs/sources_1/new/buffer_pool.v ../../../../dnn_690t.srcs/sources_1/new/comp_tree.v ../../../../dnn_690t.srcs/sources_1/new/confidence_screen.v ../../../../dnn_690t.srcs/sources_1/new/decode_unit.v ../../../../dnn_690t.srcs/sources_1/new/delay_data.v ../../../../dnn_690t.srcs/sources_1/new/delay_vaild.v ../../../../dnn_690t.srcs/sources_1/new/exponent.v ../../../../dnn_690t.srcs/sources_1/new/output_buffer.v ../../../../dnn_690t.srcs/sources_1/new/position_resolution.v ../../../../dnn_690t.srcs/sources_1/new/postpro_FSM.v ../../../../dnn_690t.srcs/sources_1/new/read_cache_decode_pos.v ../../../../dnn_690t.srcs/sources_1/new/requant.v ../../../../dnn_690t.srcs/sources_1/new/sigmoid.v ../../../../dnn_690t.srcs/sources_1/new/sp_pe_unit.v ../../../../dnn_690t.srcs/sources_1/new/write_cache_pool.v ../../../../dnn_690t.srcs/sources_1/new/yolo_layer_top.v ../../../../dnn_690t.srcs/sim_2/new/tb_position_resolution.v 
# -- Compiling module bram32_512
# -- Compiling module NMS
# -- Compiling module box_iou
# -- Compiling module buffer_pool
# -- Compiling module comp_tree
# -- Compiling module confidence_screen
# -- Compiling module decode_unit
# -- Compiling module delay_data
# -- Compiling module delay_vaild
# -- Compiling module exponent
# -- Compiling module output_buffer
# -- Compiling module position_resolution
# -- Compiling module postpro_FSM
# -- Compiling module read_cache_decode_pos
# -- Compiling module requant
# -- Compiling module sigmoid
# -- Compiling module sp_pe_unit
# -- Compiling module write_cache_pool
# -- Compiling module yolo_layer_top
# -- Compiling module tb_position_resolution
# 
# Top level modules:
# 	tb_position_resolution
# End time: 21:21:21 on Jul 17,2023, Elapsed time: 0:00:00
# Errors: 0, Warnings: 1
# Model Technology ModelSim SE-64 vlog 10.6d Compiler 2018.02 Feb 24 2018
# Start time: 21:21:23 on Jul 17,2023
# vlog -work xil_defaultlib glbl.v 
# -- Compiling module glbl
# 
# Top level modules:
# 	glbl
# End time: 21:21:23 on Jul 17,2023, Elapsed time: 0:00:00
# Errors: 0, Warnings: 0
INFO: [USF-ModelSim-69] 'compile' step finished in '4' seconds
INFO: [USF-ModelSim-4] ModelSim::Simulate design
INFO: [USF-ModelSim-69] Executing 'SIMULATE' step in 'E:/DNNv4/pp717/dnn_690t/dnn_690t.sim/sim_2/behav/modelsim'
Program launched (PID=13216)
launch_simulation: Time (s): cpu = 00:00:07 ; elapsed = 00:00:11 . Memory (MB): peak = 1784.738 ; gain = 0.000
launch_simulation -install_path C:/modeltech64_10.6d/win64 -simset [get_filesets sim_2 ]
INFO: [Vivado 12-5698] Checking validity of IPs in the design for the 'ModelSim' simulator...
INFO: [Vivado 12-5682] Launching behavioral simulation in 'E:/DNNv4/pp717/dnn_690t/dnn_690t.sim/sim_2/behav/modelsim'
INFO: [Vivado 12-4795] Using compiled simulation libraries for IPs
INFO: [USF-ModelSim-47] Finding simulator installation...
INFO: [USF-ModelSim-50] Using simulator executables from 'C:/modeltech64_10.6d/win64/vsim.exe'
INFO: [SIM-utils-51] Simulation object is 'sim_2'
INFO: [USF-modelsim-7] Finding pre-compiled libraries...
INFO: [USF-modelsim-11] File 'E:/development_tools/Modelsim/Vivado201803SimLib/modelsim.ini' copied to run dir:'E:/DNNv4/pp717/dnn_690t/dnn_690t.sim/sim_2/behav/modelsim'
INFO: [SIM-utils-54] Inspecting design source files for 'tb_position_resolution' in fileset 'sim_2'...
INFO: [SIM-utils-43] Exported 'E:/DNNv4/pp717/dnn_690t/dnn_690t.sim/sim_2/behav/modelsim/ExpROM.mif'
INFO: [SIM-utils-43] Exported 'E:/DNNv4/pp717/dnn_690t/dnn_690t.sim/sim_2/behav/modelsim/exp.coe'
INFO: [SIM-utils-43] Exported 'E:/DNNv4/pp717/dnn_690t/dnn_690t.sim/sim_2/behav/modelsim/biasBuffer_Rom.mif'
INFO: [SIM-utils-43] Exported 'E:/DNNv4/pp717/dnn_690t/dnn_690t.sim/sim_2/behav/modelsim/bias_dao_1127.coe'
INFO: [SIM-utils-43] Exported 'E:/DNNv4/pp717/dnn_690t/dnn_690t.sim/sim_2/behav/modelsim/blk_mem_gen_0.mif'
INFO: [SIM-utils-43] Exported 'E:/DNNv4/pp717/dnn_690t/dnn_690t.sim/sim_2/behav/modelsim/VLIW_504_256k.coe'
INFO: [USF-ModelSim-107] Finding global include files...
INFO: [USF-ModelSim-108] Finding include directories and verilog header directory paths...
INFO: [USF-ModelSim-109] Fetching design files from 'sim_2'...
INFO: [USF-ModelSim-2] ModelSim::Compile design
INFO: [USF-ModelSim-15] Creating automatic 'do' files...
INFO: [USF-ModelSim-69] Executing 'COMPILE and ANALYZE' step in 'E:/DNNv4/pp717/dnn_690t/dnn_690t.sim/sim_2/behav/modelsim'
Reading C:/modeltech64_10.6d/tcl/vsim/pref.tcl

# 10.6d

# do {tb_position_resolution_compile.do}
# ** Warning: (vlib-34) Library already exists at "modelsim_lib/work".
# ** Warning: (vlib-34) Library already exists at "modelsim_lib/msim".
# ** Warning: (vlib-34) Library already exists at "modelsim_lib/msim/xil_defaultlib".
# Model Technology ModelSim SE-64 vmap 10.6d Lib Mapping Utility 2018.02 Feb 24 2018
# vmap xil_defaultlib modelsim_lib/msim/xil_defaultlib 
# Modifying modelsim.ini
# ** Warning: (vlog-159) Mode option -64 is not supported in this context and will be ignored.
# Model Technology ModelSim SE-64 vlog 10.6d Compiler 2018.02 Feb 24 2018
# Start time: 21:31:42 on Jul 17,2023
# vlog -64 -incr -work xil_defaultlib "+incdir+../../../../dnn_690t.srcs/sources_1/bd/design_1/ipshared/85a3" "+incdir+../../../../dnn_690t.srcs/sources_1/bd/design_1/ipshared/54bd/hdl/verilog" "+incdir+../../../../dnn_690t.srcs/sources_1/bd/design_1/ipshared/ec67/hdl" "+incdir+../../../../dnn_690t.srcs/sources_1/new" "+incdir+../../../../dnn_690t.srcs/sources_1/imports/BaiduNetdiskDownload/dnn_690t/dnn_690t/dnn_690t.srcs/sim_1/imports/Desktop/dnn_690t_0403/dnn_690t/dnn_690t.srcs/sim" "+incdir+../../../../dnn_690t.srcs/sim_1/imports/Desktop/mig_7series_0_ex/imports" "+incdir+../../../../dnn_690t.srcs/sim_1/imports/Desktop/dnn_690t_0403/dnn_690t/dnn_690t.srcs/sim" "+incdir+../../../../dnn_690t.srcs/sim_2/imports/imports" ../../../../dnn_690t.srcs/sources_1/ip/FIFO_W96_D512/sim/FIFO_W96_D512.v ../../../../dnn_690t.srcs/sources_1/ip/ExpROM/sim/ExpROM.v 
# -- Skipping module FIFO_W96_D512
# -- Skipping module ExpROM
# 
# Top level modules:
# 	FIFO_W96_D512
# 	ExpROM
# End time: 21:31:42 on Jul 17,2023, Elapsed time: 0:00:00
# Errors: 0, Warnings: 1
# ** Warning: (vcom-159) Mode option -64 is not supported in this context and will be ignored.
# Model Technology ModelSim SE-64 vcom 10.6d Compiler 2018.02 Feb 24 2018
# Start time: 21:31:42 on Jul 17,2023
# vcom -64 -93 -work xil_defaultlib ../../../../dnn_690t.srcs/sources_1/ip/div_gen/sim/div_gen.vhd 
# -- Loading package STANDARD
# -- Loading package TEXTIO
# -- Loading package std_logic_1164
# -- Loading package NUMERIC_STD
# -- Compiling entity div_gen
# -- Compiling architecture div_gen_arch of div_gen
# End time: 21:31:42 on Jul 17,2023, Elapsed time: 0:00:00
# Errors: 0, Warnings: 1
# ** Warning: (vlog-159) Mode option -64 is not supported in this context and will be ignored.
# Model Technology ModelSim SE-64 vlog 10.6d Compiler 2018.02 Feb 24 2018
# Start time: 21:31:42 on Jul 17,2023
# vlog -64 -incr -work xil_defaultlib "+incdir+../../../../dnn_690t.srcs/sources_1/bd/design_1/ipshared/85a3" "+incdir+../../../../dnn_690t.srcs/sources_1/bd/design_1/ipshared/54bd/hdl/verilog" "+incdir+../../../../dnn_690t.srcs/sources_1/bd/design_1/ipshared/ec67/hdl" "+incdir+../../../../dnn_690t.srcs/sources_1/new" "+incdir+../../../../dnn_690t.srcs/sources_1/imports/BaiduNetdiskDownload/dnn_690t/dnn_690t/dnn_690t.srcs/sim_1/imports/Desktop/dnn_690t_0403/dnn_690t/dnn_690t.srcs/sim" "+incdir+../../../../dnn_690t.srcs/sim_1/imports/Desktop/mig_7series_0_ex/imports" "+incdir+../../../../dnn_690t.srcs/sim_1/imports/Desktop/dnn_690t_0403/dnn_690t/dnn_690t.srcs/sim" "+incdir+../../../../dnn_690t.srcs/sim_2/imports/imports" ../../../../dnn_690t.srcs/sources_1/ip/bram32_512/sim/bram32_512.v ../../../../dnn_690t.srcs/sources_1/new/NMS.v ../../../../dnn_690t.srcs/sources_1/new/box_iou.v ../../../../dnn_690t.srcs/sources_1/new/buffer_pool.v ../../../../dnn_690t.srcs/sources_1/new/comp_tree.v ../../../../dnn_690t.srcs/sources_1/new/confidence_screen.v ../../../../dnn_690t.srcs/sources_1/new/decode_unit.v ../../../../dnn_690t.srcs/sources_1/new/delay_data.v ../../../../dnn_690t.srcs/sources_1/new/delay_vaild.v ../../../../dnn_690t.srcs/sources_1/new/exponent.v ../../../../dnn_690t.srcs/sources_1/new/output_buffer.v ../../../../dnn_690t.srcs/sources_1/new/position_resolution.v ../../../../dnn_690t.srcs/sources_1/new/postpro_FSM.v ../../../../dnn_690t.srcs/sources_1/new/read_cache_decode_pos.v ../../../../dnn_690t.srcs/sources_1/new/requant.v ../../../../dnn_690t.srcs/sources_1/new/sigmoid.v ../../../../dnn_690t.srcs/sources_1/new/sp_pe_unit.v ../../../../dnn_690t.srcs/sources_1/new/write_cache_pool.v ../../../../dnn_690t.srcs/sources_1/new/yolo_layer_top.v ../../../../dnn_690t.srcs/sim_2/new/tb_position_resolution.v 
# -- Skipping module bram32_512
# -- Skipping module NMS
# -- Skipping module box_iou
# -- Skipping module buffer_pool
# -- Skipping module comp_tree
# -- Skipping module confidence_screen
# -- Skipping module decode_unit
# -- Skipping module delay_data
# -- Skipping module delay_vaild
# -- Skipping module exponent
# -- Skipping module output_buffer
# -- Skipping module position_resolution
# -- Skipping module postpro_FSM
# -- Skipping module read_cache_decode_pos
# -- Skipping module requant
# -- Skipping module sigmoid
# -- Skipping module sp_pe_unit
# -- Skipping module write_cache_pool
# -- Skipping module yolo_layer_top
# -- Compiling module tb_position_resolution
# 
# Top level modules:
# 	tb_position_resolution
# End time: 21:31:42 on Jul 17,2023, Elapsed time: 0:00:00
# Errors: 0, Warnings: 1
# Model Technology ModelSim SE-64 vlog 10.6d Compiler 2018.02 Feb 24 2018
# Start time: 21:31:44 on Jul 17,2023
# vlog -work xil_defaultlib glbl.v 
# -- Compiling module glbl
# 
# Top level modules:
# 	glbl
# End time: 21:31:44 on Jul 17,2023, Elapsed time: 0:00:00
# Errors: 0, Warnings: 0
INFO: [USF-ModelSim-69] 'compile' step finished in '3' seconds
INFO: [USF-ModelSim-4] ModelSim::Simulate design
INFO: [USF-ModelSim-69] Executing 'SIMULATE' step in 'E:/DNNv4/pp717/dnn_690t/dnn_690t.sim/sim_2/behav/modelsim'
Program launched (PID=5344)
launch_simulation: Time (s): cpu = 00:00:07 ; elapsed = 00:00:11 . Memory (MB): peak = 1784.738 ; gain = 0.000
launch_simulation -install_path C:/modeltech64_10.6d/win64 -simset [get_filesets sim_2 ]
INFO: [Vivado 12-5698] Checking validity of IPs in the design for the 'ModelSim' simulator...
INFO: [Vivado 12-5682] Launching behavioral simulation in 'E:/DNNv4/pp717/dnn_690t/dnn_690t.sim/sim_2/behav/modelsim'
INFO: [Vivado 12-4795] Using compiled simulation libraries for IPs
INFO: [USF-ModelSim-47] Finding simulator installation...
INFO: [USF-ModelSim-50] Using simulator executables from 'C:/modeltech64_10.6d/win64/vsim.exe'
INFO: [SIM-utils-51] Simulation object is 'sim_2'
INFO: [USF-modelsim-7] Finding pre-compiled libraries...
INFO: [USF-modelsim-11] File 'E:/development_tools/Modelsim/Vivado201803SimLib/modelsim.ini' copied to run dir:'E:/DNNv4/pp717/dnn_690t/dnn_690t.sim/sim_2/behav/modelsim'
INFO: [SIM-utils-54] Inspecting design source files for 'tb_position_resolution' in fileset 'sim_2'...
INFO: [SIM-utils-43] Exported 'E:/DNNv4/pp717/dnn_690t/dnn_690t.sim/sim_2/behav/modelsim/ExpROM.mif'
INFO: [SIM-utils-43] Exported 'E:/DNNv4/pp717/dnn_690t/dnn_690t.sim/sim_2/behav/modelsim/exp.coe'
INFO: [SIM-utils-43] Exported 'E:/DNNv4/pp717/dnn_690t/dnn_690t.sim/sim_2/behav/modelsim/biasBuffer_Rom.mif'
INFO: [SIM-utils-43] Exported 'E:/DNNv4/pp717/dnn_690t/dnn_690t.sim/sim_2/behav/modelsim/bias_dao_1127.coe'
INFO: [SIM-utils-43] Exported 'E:/DNNv4/pp717/dnn_690t/dnn_690t.sim/sim_2/behav/modelsim/blk_mem_gen_0.mif'
INFO: [SIM-utils-43] Exported 'E:/DNNv4/pp717/dnn_690t/dnn_690t.sim/sim_2/behav/modelsim/VLIW_504_256k.coe'
INFO: [USF-ModelSim-107] Finding global include files...
INFO: [USF-ModelSim-108] Finding include directories and verilog header directory paths...
INFO: [USF-ModelSim-109] Fetching design files from 'sim_2'...
INFO: [USF-ModelSim-2] ModelSim::Compile design
INFO: [USF-ModelSim-15] Creating automatic 'do' files...
INFO: [USF-ModelSim-69] Executing 'COMPILE and ANALYZE' step in 'E:/DNNv4/pp717/dnn_690t/dnn_690t.sim/sim_2/behav/modelsim'
Reading C:/modeltech64_10.6d/tcl/vsim/pref.tcl

# 10.6d

# do {tb_position_resolution_compile.do}
# ** Warning: (vlib-34) Library already exists at "modelsim_lib/work".
# ** Warning: (vlib-34) Library already exists at "modelsim_lib/msim".
# ** Warning: (vlib-34) Library already exists at "modelsim_lib/msim/xil_defaultlib".
# Model Technology ModelSim SE-64 vmap 10.6d Lib Mapping Utility 2018.02 Feb 24 2018
# vmap xil_defaultlib modelsim_lib/msim/xil_defaultlib 
# Modifying modelsim.ini
# ** Warning: (vlog-159) Mode option -64 is not supported in this context and will be ignored.
# Model Technology ModelSim SE-64 vlog 10.6d Compiler 2018.02 Feb 24 2018
# Start time: 21:44:19 on Jul 17,2023
# vlog -64 -incr -work xil_defaultlib "+incdir+../../../../dnn_690t.srcs/sources_1/bd/design_1/ipshared/85a3" "+incdir+../../../../dnn_690t.srcs/sources_1/bd/design_1/ipshared/54bd/hdl/verilog" "+incdir+../../../../dnn_690t.srcs/sources_1/bd/design_1/ipshared/ec67/hdl" "+incdir+../../../../dnn_690t.srcs/sources_1/new" "+incdir+../../../../dnn_690t.srcs/sources_1/imports/BaiduNetdiskDownload/dnn_690t/dnn_690t/dnn_690t.srcs/sim_1/imports/Desktop/dnn_690t_0403/dnn_690t/dnn_690t.srcs/sim" "+incdir+../../../../dnn_690t.srcs/sim_1/imports/Desktop/mig_7series_0_ex/imports" "+incdir+../../../../dnn_690t.srcs/sim_1/imports/Desktop/dnn_690t_0403/dnn_690t/dnn_690t.srcs/sim" "+incdir+../../../../dnn_690t.srcs/sim_2/imports/imports" ../../../../dnn_690t.srcs/sources_1/ip/FIFO_W96_D512/sim/FIFO_W96_D512.v ../../../../dnn_690t.srcs/sources_1/ip/ExpROM/sim/ExpROM.v 
# -- Skipping module FIFO_W96_D512
# -- Skipping module ExpROM
# 
# Top level modules:
# 	FIFO_W96_D512
# 	ExpROM
# End time: 21:44:19 on Jul 17,2023, Elapsed time: 0:00:00
# Errors: 0, Warnings: 1
# ** Warning: (vcom-159) Mode option -64 is not supported in this context and will be ignored.
# Model Technology ModelSim SE-64 vcom 10.6d Compiler 2018.02 Feb 24 2018
# Start time: 21:44:19 on Jul 17,2023
# vcom -64 -93 -work xil_defaultlib ../../../../dnn_690t.srcs/sources_1/ip/div_gen/sim/div_gen.vhd 
# -- Loading package STANDARD
# -- Loading package TEXTIO
# -- Loading package std_logic_1164
# -- Loading package NUMERIC_STD
# -- Compiling entity div_gen
# -- Compiling architecture div_gen_arch of div_gen
# End time: 21:44:19 on Jul 17,2023, Elapsed time: 0:00:00
# Errors: 0, Warnings: 1
# ** Warning: (vlog-159) Mode option -64 is not supported in this context and will be ignored.
# Model Technology ModelSim SE-64 vlog 10.6d Compiler 2018.02 Feb 24 2018
# Start time: 21:44:19 on Jul 17,2023
# vlog -64 -incr -work xil_defaultlib "+incdir+../../../../dnn_690t.srcs/sources_1/bd/design_1/ipshared/85a3" "+incdir+../../../../dnn_690t.srcs/sources_1/bd/design_1/ipshared/54bd/hdl/verilog" "+incdir+../../../../dnn_690t.srcs/sources_1/bd/design_1/ipshared/ec67/hdl" "+incdir+../../../../dnn_690t.srcs/sources_1/new" "+incdir+../../../../dnn_690t.srcs/sources_1/imports/BaiduNetdiskDownload/dnn_690t/dnn_690t/dnn_690t.srcs/sim_1/imports/Desktop/dnn_690t_0403/dnn_690t/dnn_690t.srcs/sim" "+incdir+../../../../dnn_690t.srcs/sim_1/imports/Desktop/mig_7series_0_ex/imports" "+incdir+../../../../dnn_690t.srcs/sim_1/imports/Desktop/dnn_690t_0403/dnn_690t/dnn_690t.srcs/sim" "+incdir+../../../../dnn_690t.srcs/sim_2/imports/imports" ../../../../dnn_690t.srcs/sources_1/ip/bram32_512/sim/bram32_512.v ../../../../dnn_690t.srcs/sources_1/new/NMS.v ../../../../dnn_690t.srcs/sources_1/new/box_iou.v ../../../../dnn_690t.srcs/sources_1/new/buffer_pool.v ../../../../dnn_690t.srcs/sources_1/new/comp_tree.v ../../../../dnn_690t.srcs/sources_1/new/confidence_screen.v ../../../../dnn_690t.srcs/sources_1/new/decode_unit.v ../../../../dnn_690t.srcs/sources_1/new/delay_data.v ../../../../dnn_690t.srcs/sources_1/new/delay_vaild.v ../../../../dnn_690t.srcs/sources_1/new/exponent.v ../../../../dnn_690t.srcs/sources_1/new/output_buffer.v ../../../../dnn_690t.srcs/sources_1/new/position_resolution.v ../../../../dnn_690t.srcs/sources_1/new/postpro_FSM.v ../../../../dnn_690t.srcs/sources_1/new/read_cache_decode_pos.v ../../../../dnn_690t.srcs/sources_1/new/requant.v ../../../../dnn_690t.srcs/sources_1/new/sigmoid.v ../../../../dnn_690t.srcs/sources_1/new/sp_pe_unit.v ../../../../dnn_690t.srcs/sources_1/new/write_cache_pool.v ../../../../dnn_690t.srcs/sources_1/new/yolo_layer_top.v ../../../../dnn_690t.srcs/sim_2/new/tb_position_resolution.v 
# -- Skipping module bram32_512
# -- Skipping module NMS
# -- Skipping module box_iou
# -- Skipping module buffer_pool
# -- Skipping module comp_tree
# -- Skipping module confidence_screen
# -- Skipping module decode_unit
# -- Skipping module delay_data
# -- Skipping module delay_vaild
# -- Skipping module exponent
# -- Skipping module output_buffer
# -- Skipping module position_resolution
# -- Skipping module postpro_FSM
# -- Skipping module read_cache_decode_pos
# -- Skipping module requant
# -- Skipping module sigmoid
# -- Skipping module sp_pe_unit
# -- Skipping module write_cache_pool
# -- Skipping module yolo_layer_top
# -- Compiling module tb_position_resolution
# 
# Top level modules:
# 	tb_position_resolution
# End time: 21:44:19 on Jul 17,2023, Elapsed time: 0:00:00
# Errors: 0, Warnings: 1
# Model Technology ModelSim SE-64 vlog 10.6d Compiler 2018.02 Feb 24 2018
# Start time: 21:44:21 on Jul 17,2023
# vlog -work xil_defaultlib glbl.v 
# -- Compiling module glbl
# 
# Top level modules:
# 	glbl
# End time: 21:44:21 on Jul 17,2023, Elapsed time: 0:00:00
# Errors: 0, Warnings: 0
INFO: [USF-ModelSim-69] 'compile' step finished in '3' seconds
INFO: [USF-ModelSim-4] ModelSim::Simulate design
INFO: [USF-ModelSim-69] Executing 'SIMULATE' step in 'E:/DNNv4/pp717/dnn_690t/dnn_690t.sim/sim_2/behav/modelsim'
Program launched (PID=3132)
launch_simulation: Time (s): cpu = 00:00:07 ; elapsed = 00:00:11 . Memory (MB): peak = 1784.738 ; gain = 0.000
launch_simulation -install_path C:/modeltech64_10.6d/win64 -simset [get_filesets sim_2 ]
INFO: [Vivado 12-5698] Checking validity of IPs in the design for the 'ModelSim' simulator...
INFO: [Vivado 12-5682] Launching behavioral simulation in 'E:/DNNv4/pp717/dnn_690t/dnn_690t.sim/sim_2/behav/modelsim'
INFO: [Vivado 12-4795] Using compiled simulation libraries for IPs
INFO: [USF-ModelSim-47] Finding simulator installation...
INFO: [USF-ModelSim-50] Using simulator executables from 'C:/modeltech64_10.6d/win64/vsim.exe'
INFO: [SIM-utils-51] Simulation object is 'sim_2'
INFO: [USF-modelsim-7] Finding pre-compiled libraries...
INFO: [USF-modelsim-11] File 'E:/development_tools/Modelsim/Vivado201803SimLib/modelsim.ini' copied to run dir:'E:/DNNv4/pp717/dnn_690t/dnn_690t.sim/sim_2/behav/modelsim'
INFO: [SIM-utils-54] Inspecting design source files for 'tb_position_resolution' in fileset 'sim_2'...
INFO: [SIM-utils-43] Exported 'E:/DNNv4/pp717/dnn_690t/dnn_690t.sim/sim_2/behav/modelsim/ExpROM.mif'
INFO: [SIM-utils-43] Exported 'E:/DNNv4/pp717/dnn_690t/dnn_690t.sim/sim_2/behav/modelsim/exp.coe'
INFO: [SIM-utils-43] Exported 'E:/DNNv4/pp717/dnn_690t/dnn_690t.sim/sim_2/behav/modelsim/biasBuffer_Rom.mif'
INFO: [SIM-utils-43] Exported 'E:/DNNv4/pp717/dnn_690t/dnn_690t.sim/sim_2/behav/modelsim/bias_dao_1127.coe'
INFO: [SIM-utils-43] Exported 'E:/DNNv4/pp717/dnn_690t/dnn_690t.sim/sim_2/behav/modelsim/blk_mem_gen_0.mif'
INFO: [SIM-utils-43] Exported 'E:/DNNv4/pp717/dnn_690t/dnn_690t.sim/sim_2/behav/modelsim/VLIW_504_256k.coe'
INFO: [USF-ModelSim-107] Finding global include files...
INFO: [USF-ModelSim-108] Finding include directories and verilog header directory paths...
INFO: [USF-ModelSim-109] Fetching design files from 'sim_2'...
INFO: [USF-ModelSim-2] ModelSim::Compile design
INFO: [USF-ModelSim-15] Creating automatic 'do' files...
INFO: [USF-ModelSim-69] Executing 'COMPILE and ANALYZE' step in 'E:/DNNv4/pp717/dnn_690t/dnn_690t.sim/sim_2/behav/modelsim'
Reading C:/modeltech64_10.6d/tcl/vsim/pref.tcl

# 10.6d

# do {tb_position_resolution_compile.do}
# ** Warning: (vlib-34) Library already exists at "modelsim_lib/work".
# ** Warning: (vlib-34) Library already exists at "modelsim_lib/msim".
# ** Warning: (vlib-34) Library already exists at "modelsim_lib/msim/xil_defaultlib".
# Model Technology ModelSim SE-64 vmap 10.6d Lib Mapping Utility 2018.02 Feb 24 2018
# vmap xil_defaultlib modelsim_lib/msim/xil_defaultlib 
# Modifying modelsim.ini
# ** Warning: (vlog-159) Mode option -64 is not supported in this context and will be ignored.
# Model Technology ModelSim SE-64 vlog 10.6d Compiler 2018.02 Feb 24 2018
# Start time: 21:46:25 on Jul 17,2023
# vlog -64 -incr -work xil_defaultlib "+incdir+../../../../dnn_690t.srcs/sources_1/bd/design_1/ipshared/85a3" "+incdir+../../../../dnn_690t.srcs/sources_1/bd/design_1/ipshared/54bd/hdl/verilog" "+incdir+../../../../dnn_690t.srcs/sources_1/bd/design_1/ipshared/ec67/hdl" "+incdir+../../../../dnn_690t.srcs/sources_1/new" "+incdir+../../../../dnn_690t.srcs/sources_1/imports/BaiduNetdiskDownload/dnn_690t/dnn_690t/dnn_690t.srcs/sim_1/imports/Desktop/dnn_690t_0403/dnn_690t/dnn_690t.srcs/sim" "+incdir+../../../../dnn_690t.srcs/sim_1/imports/Desktop/mig_7series_0_ex/imports" "+incdir+../../../../dnn_690t.srcs/sim_1/imports/Desktop/dnn_690t_0403/dnn_690t/dnn_690t.srcs/sim" "+incdir+../../../../dnn_690t.srcs/sim_2/imports/imports" ../../../../dnn_690t.srcs/sources_1/ip/FIFO_W96_D512/sim/FIFO_W96_D512.v ../../../../dnn_690t.srcs/sources_1/ip/ExpROM/sim/ExpROM.v 
# -- Skipping module FIFO_W96_D512
# -- Skipping module ExpROM
# 
# Top level modules:
# 	FIFO_W96_D512
# 	ExpROM
# End time: 21:46:25 on Jul 17,2023, Elapsed time: 0:00:00
# Errors: 0, Warnings: 1
# ** Warning: (vcom-159) Mode option -64 is not supported in this context and will be ignored.
# Model Technology ModelSim SE-64 vcom 10.6d Compiler 2018.02 Feb 24 2018
# Start time: 21:46:25 on Jul 17,2023
# vcom -64 -93 -work xil_defaultlib ../../../../dnn_690t.srcs/sources_1/ip/div_gen/sim/div_gen.vhd 
# -- Loading package STANDARD
# -- Loading package TEXTIO
# -- Loading package std_logic_1164
# -- Loading package NUMERIC_STD
# -- Compiling entity div_gen
# -- Compiling architecture div_gen_arch of div_gen
# End time: 21:46:25 on Jul 17,2023, Elapsed time: 0:00:00
# Errors: 0, Warnings: 1
# ** Warning: (vlog-159) Mode option -64 is not supported in this context and will be ignored.
# Model Technology ModelSim SE-64 vlog 10.6d Compiler 2018.02 Feb 24 2018
# Start time: 21:46:25 on Jul 17,2023
# vlog -64 -incr -work xil_defaultlib "+incdir+../../../../dnn_690t.srcs/sources_1/bd/design_1/ipshared/85a3" "+incdir+../../../../dnn_690t.srcs/sources_1/bd/design_1/ipshared/54bd/hdl/verilog" "+incdir+../../../../dnn_690t.srcs/sources_1/bd/design_1/ipshared/ec67/hdl" "+incdir+../../../../dnn_690t.srcs/sources_1/new" "+incdir+../../../../dnn_690t.srcs/sources_1/imports/BaiduNetdiskDownload/dnn_690t/dnn_690t/dnn_690t.srcs/sim_1/imports/Desktop/dnn_690t_0403/dnn_690t/dnn_690t.srcs/sim" "+incdir+../../../../dnn_690t.srcs/sim_1/imports/Desktop/mig_7series_0_ex/imports" "+incdir+../../../../dnn_690t.srcs/sim_1/imports/Desktop/dnn_690t_0403/dnn_690t/dnn_690t.srcs/sim" "+incdir+../../../../dnn_690t.srcs/sim_2/imports/imports" ../../../../dnn_690t.srcs/sources_1/ip/bram32_512/sim/bram32_512.v ../../../../dnn_690t.srcs/sources_1/new/NMS.v ../../../../dnn_690t.srcs/sources_1/new/box_iou.v ../../../../dnn_690t.srcs/sources_1/new/buffer_pool.v ../../../../dnn_690t.srcs/sources_1/new/comp_tree.v ../../../../dnn_690t.srcs/sources_1/new/confidence_screen.v ../../../../dnn_690t.srcs/sources_1/new/decode_unit.v ../../../../dnn_690t.srcs/sources_1/new/delay_data.v ../../../../dnn_690t.srcs/sources_1/new/delay_vaild.v ../../../../dnn_690t.srcs/sources_1/new/exponent.v ../../../../dnn_690t.srcs/sources_1/new/output_buffer.v ../../../../dnn_690t.srcs/sources_1/new/position_resolution.v ../../../../dnn_690t.srcs/sources_1/new/postpro_FSM.v ../../../../dnn_690t.srcs/sources_1/new/read_cache_decode_pos.v ../../../../dnn_690t.srcs/sources_1/new/requant.v ../../../../dnn_690t.srcs/sources_1/new/sigmoid.v ../../../../dnn_690t.srcs/sources_1/new/sp_pe_unit.v ../../../../dnn_690t.srcs/sources_1/new/write_cache_pool.v ../../../../dnn_690t.srcs/sources_1/new/yolo_layer_top.v ../../../../dnn_690t.srcs/sim_2/new/tb_position_resolution.v 
# -- Skipping module bram32_512
# -- Skipping module NMS
# -- Skipping module box_iou
# -- Skipping module buffer_pool
# -- Skipping module comp_tree
# -- Skipping module confidence_screen
# -- Skipping module decode_unit
# -- Skipping module delay_data
# -- Skipping module delay_vaild
# -- Skipping module exponent
# -- Skipping module output_buffer
# -- Skipping module position_resolution
# -- Skipping module postpro_FSM
# -- Skipping module read_cache_decode_pos
# -- Skipping module requant
# -- Skipping module sigmoid
# -- Skipping module sp_pe_unit
# -- Skipping module write_cache_pool
# -- Skipping module yolo_layer_top
# -- Compiling module tb_position_resolution
# 
# Top level modules:
# 	tb_position_resolution
# End time: 21:46:25 on Jul 17,2023, Elapsed time: 0:00:00
# Errors: 0, Warnings: 1
# Model Technology ModelSim SE-64 vlog 10.6d Compiler 2018.02 Feb 24 2018
# Start time: 21:46:27 on Jul 17,2023
# vlog -work xil_defaultlib glbl.v 
# -- Compiling module glbl
# 
# Top level modules:
# 	glbl
# End time: 21:46:27 on Jul 17,2023, Elapsed time: 0:00:00
# Errors: 0, Warnings: 0
INFO: [USF-ModelSim-69] 'compile' step finished in '3' seconds
INFO: [USF-ModelSim-4] ModelSim::Simulate design
INFO: [USF-ModelSim-69] Executing 'SIMULATE' step in 'E:/DNNv4/pp717/dnn_690t/dnn_690t.sim/sim_2/behav/modelsim'
Program launched (PID=5260)
launch_simulation: Time (s): cpu = 00:00:07 ; elapsed = 00:00:11 . Memory (MB): peak = 1784.738 ; gain = 0.000
launch_simulation -install_path C:/modeltech64_10.6d/win64 -simset [get_filesets sim_2 ]
INFO: [Vivado 12-5698] Checking validity of IPs in the design for the 'ModelSim' simulator...
INFO: [Vivado 12-5682] Launching behavioral simulation in 'E:/DNNv4/pp717/dnn_690t/dnn_690t.sim/sim_2/behav/modelsim'
INFO: [Vivado 12-4795] Using compiled simulation libraries for IPs
INFO: [USF-ModelSim-47] Finding simulator installation...
INFO: [USF-ModelSim-50] Using simulator executables from 'C:/modeltech64_10.6d/win64/vsim.exe'
INFO: [SIM-utils-51] Simulation object is 'sim_2'
INFO: [USF-modelsim-7] Finding pre-compiled libraries...
INFO: [USF-modelsim-11] File 'E:/development_tools/Modelsim/Vivado201803SimLib/modelsim.ini' copied to run dir:'E:/DNNv4/pp717/dnn_690t/dnn_690t.sim/sim_2/behav/modelsim'
INFO: [SIM-utils-54] Inspecting design source files for 'tb_position_resolution' in fileset 'sim_2'...
INFO: [SIM-utils-43] Exported 'E:/DNNv4/pp717/dnn_690t/dnn_690t.sim/sim_2/behav/modelsim/ExpROM.mif'
INFO: [SIM-utils-43] Exported 'E:/DNNv4/pp717/dnn_690t/dnn_690t.sim/sim_2/behav/modelsim/exp.coe'
INFO: [SIM-utils-43] Exported 'E:/DNNv4/pp717/dnn_690t/dnn_690t.sim/sim_2/behav/modelsim/biasBuffer_Rom.mif'
INFO: [SIM-utils-43] Exported 'E:/DNNv4/pp717/dnn_690t/dnn_690t.sim/sim_2/behav/modelsim/bias_dao_1127.coe'
INFO: [SIM-utils-43] Exported 'E:/DNNv4/pp717/dnn_690t/dnn_690t.sim/sim_2/behav/modelsim/blk_mem_gen_0.mif'
INFO: [SIM-utils-43] Exported 'E:/DNNv4/pp717/dnn_690t/dnn_690t.sim/sim_2/behav/modelsim/VLIW_504_256k.coe'
INFO: [USF-ModelSim-107] Finding global include files...
INFO: [USF-ModelSim-108] Finding include directories and verilog header directory paths...
INFO: [USF-ModelSim-109] Fetching design files from 'sim_2'...
INFO: [USF-ModelSim-2] ModelSim::Compile design
INFO: [USF-ModelSim-15] Creating automatic 'do' files...
INFO: [USF-ModelSim-69] Executing 'COMPILE and ANALYZE' step in 'E:/DNNv4/pp717/dnn_690t/dnn_690t.sim/sim_2/behav/modelsim'
Reading C:/modeltech64_10.6d/tcl/vsim/pref.tcl

# 10.6d

# do {tb_position_resolution_compile.do}
# ** Warning: (vlib-34) Library already exists at "modelsim_lib/work".
# ** Warning: (vlib-34) Library already exists at "modelsim_lib/msim".
# ** Warning: (vlib-34) Library already exists at "modelsim_lib/msim/xil_defaultlib".
# Model Technology ModelSim SE-64 vmap 10.6d Lib Mapping Utility 2018.02 Feb 24 2018
# vmap xil_defaultlib modelsim_lib/msim/xil_defaultlib 
# Modifying modelsim.ini
# ** Warning: (vlog-159) Mode option -64 is not supported in this context and will be ignored.
# Model Technology ModelSim SE-64 vlog 10.6d Compiler 2018.02 Feb 24 2018
# Start time: 21:54:12 on Jul 17,2023
# vlog -64 -incr -work xil_defaultlib "+incdir+../../../../dnn_690t.srcs/sources_1/bd/design_1/ipshared/85a3" "+incdir+../../../../dnn_690t.srcs/sources_1/bd/design_1/ipshared/54bd/hdl/verilog" "+incdir+../../../../dnn_690t.srcs/sources_1/bd/design_1/ipshared/ec67/hdl" "+incdir+../../../../dnn_690t.srcs/sources_1/new" "+incdir+../../../../dnn_690t.srcs/sources_1/imports/BaiduNetdiskDownload/dnn_690t/dnn_690t/dnn_690t.srcs/sim_1/imports/Desktop/dnn_690t_0403/dnn_690t/dnn_690t.srcs/sim" "+incdir+../../../../dnn_690t.srcs/sim_1/imports/Desktop/mig_7series_0_ex/imports" "+incdir+../../../../dnn_690t.srcs/sim_1/imports/Desktop/dnn_690t_0403/dnn_690t/dnn_690t.srcs/sim" "+incdir+../../../../dnn_690t.srcs/sim_2/imports/imports" ../../../../dnn_690t.srcs/sources_1/ip/FIFO_W96_D512/sim/FIFO_W96_D512.v ../../../../dnn_690t.srcs/sources_1/ip/ExpROM/sim/ExpROM.v 
# -- Skipping module FIFO_W96_D512
# -- Skipping module ExpROM
# 
# Top level modules:
# 	FIFO_W96_D512
# 	ExpROM
# End time: 21:54:12 on Jul 17,2023, Elapsed time: 0:00:00
# Errors: 0, Warnings: 1
# ** Warning: (vcom-159) Mode option -64 is not supported in this context and will be ignored.
# Model Technology ModelSim SE-64 vcom 10.6d Compiler 2018.02 Feb 24 2018
# Start time: 21:54:12 on Jul 17,2023
# vcom -64 -93 -work xil_defaultlib ../../../../dnn_690t.srcs/sources_1/ip/div_gen/sim/div_gen.vhd 
# -- Loading package STANDARD
# -- Loading package TEXTIO
# -- Loading package std_logic_1164
# -- Loading package NUMERIC_STD
# -- Compiling entity div_gen
# -- Compiling architecture div_gen_arch of div_gen
# End time: 21:54:12 on Jul 17,2023, Elapsed time: 0:00:00
# Errors: 0, Warnings: 1
# ** Warning: (vlog-159) Mode option -64 is not supported in this context and will be ignored.
# Model Technology ModelSim SE-64 vlog 10.6d Compiler 2018.02 Feb 24 2018
# Start time: 21:54:12 on Jul 17,2023
# vlog -64 -incr -work xil_defaultlib "+incdir+../../../../dnn_690t.srcs/sources_1/bd/design_1/ipshared/85a3" "+incdir+../../../../dnn_690t.srcs/sources_1/bd/design_1/ipshared/54bd/hdl/verilog" "+incdir+../../../../dnn_690t.srcs/sources_1/bd/design_1/ipshared/ec67/hdl" "+incdir+../../../../dnn_690t.srcs/sources_1/new" "+incdir+../../../../dnn_690t.srcs/sources_1/imports/BaiduNetdiskDownload/dnn_690t/dnn_690t/dnn_690t.srcs/sim_1/imports/Desktop/dnn_690t_0403/dnn_690t/dnn_690t.srcs/sim" "+incdir+../../../../dnn_690t.srcs/sim_1/imports/Desktop/mig_7series_0_ex/imports" "+incdir+../../../../dnn_690t.srcs/sim_1/imports/Desktop/dnn_690t_0403/dnn_690t/dnn_690t.srcs/sim" "+incdir+../../../../dnn_690t.srcs/sim_2/imports/imports" ../../../../dnn_690t.srcs/sources_1/ip/bram32_512/sim/bram32_512.v ../../../../dnn_690t.srcs/sources_1/new/NMS.v ../../../../dnn_690t.srcs/sources_1/new/box_iou.v ../../../../dnn_690t.srcs/sources_1/new/buffer_pool.v ../../../../dnn_690t.srcs/sources_1/new/comp_tree.v ../../../../dnn_690t.srcs/sources_1/new/confidence_screen.v ../../../../dnn_690t.srcs/sources_1/new/decode_unit.v ../../../../dnn_690t.srcs/sources_1/new/delay_data.v ../../../../dnn_690t.srcs/sources_1/new/delay_vaild.v ../../../../dnn_690t.srcs/sources_1/new/exponent.v ../../../../dnn_690t.srcs/sources_1/new/output_buffer.v ../../../../dnn_690t.srcs/sources_1/new/position_resolution.v ../../../../dnn_690t.srcs/sources_1/new/postpro_FSM.v ../../../../dnn_690t.srcs/sources_1/new/read_cache_decode_pos.v ../../../../dnn_690t.srcs/sources_1/new/requant.v ../../../../dnn_690t.srcs/sources_1/new/sigmoid.v ../../../../dnn_690t.srcs/sources_1/new/sp_pe_unit.v ../../../../dnn_690t.srcs/sources_1/new/write_cache_pool.v ../../../../dnn_690t.srcs/sources_1/new/yolo_layer_top.v ../../../../dnn_690t.srcs/sim_2/new/tb_position_resolution.v 
# -- Skipping module bram32_512
# -- Skipping module NMS
# -- Skipping module box_iou
# -- Skipping module buffer_pool
# -- Skipping module comp_tree
# -- Skipping module confidence_screen
# -- Skipping module decode_unit
# -- Skipping module delay_data
# -- Skipping module delay_vaild
# -- Skipping module exponent
# -- Skipping module output_buffer
# -- Skipping module position_resolution
# -- Skipping module postpro_FSM
# -- Skipping module read_cache_decode_pos
# -- Skipping module requant
# -- Skipping module sigmoid
# -- Skipping module sp_pe_unit
# -- Skipping module write_cache_pool
# -- Compiling module yolo_layer_top
# -- Skipping module tb_position_resolution
# 
# Top level modules:
# 	tb_position_resolution
# End time: 21:54:12 on Jul 17,2023, Elapsed time: 0:00:00
# Errors: 0, Warnings: 1
# Model Technology ModelSim SE-64 vlog 10.6d Compiler 2018.02 Feb 24 2018
# Start time: 21:54:14 on Jul 17,2023
# vlog -work xil_defaultlib glbl.v 
# -- Compiling module glbl
# 
# Top level modules:
# 	glbl
# End time: 21:54:14 on Jul 17,2023, Elapsed time: 0:00:00
# Errors: 0, Warnings: 0
INFO: [USF-ModelSim-69] 'compile' step finished in '3' seconds
INFO: [USF-ModelSim-4] ModelSim::Simulate design
INFO: [USF-ModelSim-69] Executing 'SIMULATE' step in 'E:/DNNv4/pp717/dnn_690t/dnn_690t.sim/sim_2/behav/modelsim'
Program launched (PID=6428)
launch_simulation: Time (s): cpu = 00:00:07 ; elapsed = 00:00:11 . Memory (MB): peak = 1784.738 ; gain = 0.000
launch_simulation -install_path C:/modeltech64_10.6d/win64 -simset [get_filesets sim_2 ]
INFO: [Vivado 12-5698] Checking validity of IPs in the design for the 'ModelSim' simulator...
INFO: [Vivado 12-5682] Launching behavioral simulation in 'E:/DNNv4/pp717/dnn_690t/dnn_690t.sim/sim_2/behav/modelsim'
INFO: [Vivado 12-4795] Using compiled simulation libraries for IPs
INFO: [USF-ModelSim-47] Finding simulator installation...
INFO: [USF-ModelSim-50] Using simulator executables from 'C:/modeltech64_10.6d/win64/vsim.exe'
INFO: [SIM-utils-51] Simulation object is 'sim_2'
INFO: [USF-modelsim-7] Finding pre-compiled libraries...
INFO: [USF-modelsim-11] File 'E:/development_tools/Modelsim/Vivado201803SimLib/modelsim.ini' copied to run dir:'E:/DNNv4/pp717/dnn_690t/dnn_690t.sim/sim_2/behav/modelsim'
INFO: [SIM-utils-54] Inspecting design source files for 'tb_position_resolution' in fileset 'sim_2'...
INFO: [SIM-utils-43] Exported 'E:/DNNv4/pp717/dnn_690t/dnn_690t.sim/sim_2/behav/modelsim/ExpROM.mif'
INFO: [SIM-utils-43] Exported 'E:/DNNv4/pp717/dnn_690t/dnn_690t.sim/sim_2/behav/modelsim/exp.coe'
INFO: [SIM-utils-43] Exported 'E:/DNNv4/pp717/dnn_690t/dnn_690t.sim/sim_2/behav/modelsim/biasBuffer_Rom.mif'
INFO: [SIM-utils-43] Exported 'E:/DNNv4/pp717/dnn_690t/dnn_690t.sim/sim_2/behav/modelsim/bias_dao_1127.coe'
INFO: [SIM-utils-43] Exported 'E:/DNNv4/pp717/dnn_690t/dnn_690t.sim/sim_2/behav/modelsim/blk_mem_gen_0.mif'
INFO: [SIM-utils-43] Exported 'E:/DNNv4/pp717/dnn_690t/dnn_690t.sim/sim_2/behav/modelsim/VLIW_504_256k.coe'
INFO: [USF-ModelSim-107] Finding global include files...
INFO: [USF-ModelSim-108] Finding include directories and verilog header directory paths...
INFO: [USF-ModelSim-109] Fetching design files from 'sim_2'...
INFO: [USF-ModelSim-2] ModelSim::Compile design
INFO: [USF-ModelSim-15] Creating automatic 'do' files...
INFO: [USF-ModelSim-69] Executing 'COMPILE and ANALYZE' step in 'E:/DNNv4/pp717/dnn_690t/dnn_690t.sim/sim_2/behav/modelsim'
Reading C:/modeltech64_10.6d/tcl/vsim/pref.tcl

# 10.6d

# do {tb_position_resolution_compile.do}
# ** Warning: (vlib-34) Library already exists at "modelsim_lib/work".
# ** Warning: (vlib-34) Library already exists at "modelsim_lib/msim".
# ** Warning: (vlib-34) Library already exists at "modelsim_lib/msim/xil_defaultlib".
# Model Technology ModelSim SE-64 vmap 10.6d Lib Mapping Utility 2018.02 Feb 24 2018
# vmap xil_defaultlib modelsim_lib/msim/xil_defaultlib 
# Modifying modelsim.ini
# ** Warning: (vlog-159) Mode option -64 is not supported in this context and will be ignored.
# Model Technology ModelSim SE-64 vlog 10.6d Compiler 2018.02 Feb 24 2018
# Start time: 21:55:35 on Jul 17,2023
# vlog -64 -incr -work xil_defaultlib "+incdir+../../../../dnn_690t.srcs/sources_1/bd/design_1/ipshared/85a3" "+incdir+../../../../dnn_690t.srcs/sources_1/bd/design_1/ipshared/54bd/hdl/verilog" "+incdir+../../../../dnn_690t.srcs/sources_1/bd/design_1/ipshared/ec67/hdl" "+incdir+../../../../dnn_690t.srcs/sources_1/new" "+incdir+../../../../dnn_690t.srcs/sources_1/imports/BaiduNetdiskDownload/dnn_690t/dnn_690t/dnn_690t.srcs/sim_1/imports/Desktop/dnn_690t_0403/dnn_690t/dnn_690t.srcs/sim" "+incdir+../../../../dnn_690t.srcs/sim_1/imports/Desktop/mig_7series_0_ex/imports" "+incdir+../../../../dnn_690t.srcs/sim_1/imports/Desktop/dnn_690t_0403/dnn_690t/dnn_690t.srcs/sim" "+incdir+../../../../dnn_690t.srcs/sim_2/imports/imports" ../../../../dnn_690t.srcs/sources_1/ip/FIFO_W96_D512/sim/FIFO_W96_D512.v ../../../../dnn_690t.srcs/sources_1/ip/ExpROM/sim/ExpROM.v 
# -- Skipping module FIFO_W96_D512
# -- Skipping module ExpROM
# 
# Top level modules:
# 	FIFO_W96_D512
# 	ExpROM
# End time: 21:55:35 on Jul 17,2023, Elapsed time: 0:00:00
# Errors: 0, Warnings: 1
# ** Warning: (vcom-159) Mode option -64 is not supported in this context and will be ignored.
# Model Technology ModelSim SE-64 vcom 10.6d Compiler 2018.02 Feb 24 2018
# Start time: 21:55:35 on Jul 17,2023
# vcom -64 -93 -work xil_defaultlib ../../../../dnn_690t.srcs/sources_1/ip/div_gen/sim/div_gen.vhd 
# -- Loading package STANDARD
# -- Loading package TEXTIO
# -- Loading package std_logic_1164
# -- Loading package NUMERIC_STD
# -- Compiling entity div_gen
# -- Compiling architecture div_gen_arch of div_gen
# End time: 21:55:35 on Jul 17,2023, Elapsed time: 0:00:00
# Errors: 0, Warnings: 1
# ** Warning: (vlog-159) Mode option -64 is not supported in this context and will be ignored.
# Model Technology ModelSim SE-64 vlog 10.6d Compiler 2018.02 Feb 24 2018
# Start time: 21:55:35 on Jul 17,2023
# vlog -64 -incr -work xil_defaultlib "+incdir+../../../../dnn_690t.srcs/sources_1/bd/design_1/ipshared/85a3" "+incdir+../../../../dnn_690t.srcs/sources_1/bd/design_1/ipshared/54bd/hdl/verilog" "+incdir+../../../../dnn_690t.srcs/sources_1/bd/design_1/ipshared/ec67/hdl" "+incdir+../../../../dnn_690t.srcs/sources_1/new" "+incdir+../../../../dnn_690t.srcs/sources_1/imports/BaiduNetdiskDownload/dnn_690t/dnn_690t/dnn_690t.srcs/sim_1/imports/Desktop/dnn_690t_0403/dnn_690t/dnn_690t.srcs/sim" "+incdir+../../../../dnn_690t.srcs/sim_1/imports/Desktop/mig_7series_0_ex/imports" "+incdir+../../../../dnn_690t.srcs/sim_1/imports/Desktop/dnn_690t_0403/dnn_690t/dnn_690t.srcs/sim" "+incdir+../../../../dnn_690t.srcs/sim_2/imports/imports" ../../../../dnn_690t.srcs/sources_1/ip/bram32_512/sim/bram32_512.v ../../../../dnn_690t.srcs/sources_1/new/NMS.v ../../../../dnn_690t.srcs/sources_1/new/box_iou.v ../../../../dnn_690t.srcs/sources_1/new/buffer_pool.v ../../../../dnn_690t.srcs/sources_1/new/comp_tree.v ../../../../dnn_690t.srcs/sources_1/new/confidence_screen.v ../../../../dnn_690t.srcs/sources_1/new/decode_unit.v ../../../../dnn_690t.srcs/sources_1/new/delay_data.v ../../../../dnn_690t.srcs/sources_1/new/delay_vaild.v ../../../../dnn_690t.srcs/sources_1/new/exponent.v ../../../../dnn_690t.srcs/sources_1/new/output_buffer.v ../../../../dnn_690t.srcs/sources_1/new/position_resolution.v ../../../../dnn_690t.srcs/sources_1/new/postpro_FSM.v ../../../../dnn_690t.srcs/sources_1/new/read_cache_decode_pos.v ../../../../dnn_690t.srcs/sources_1/new/requant.v ../../../../dnn_690t.srcs/sources_1/new/sigmoid.v ../../../../dnn_690t.srcs/sources_1/new/sp_pe_unit.v ../../../../dnn_690t.srcs/sources_1/new/write_cache_pool.v ../../../../dnn_690t.srcs/sources_1/new/yolo_layer_top.v ../../../../dnn_690t.srcs/sim_2/new/tb_position_resolution.v 
# -- Skipping module bram32_512
# -- Skipping module NMS
# -- Skipping module box_iou
# -- Skipping module buffer_pool
# -- Skipping module comp_tree
# -- Skipping module confidence_screen
# -- Skipping module decode_unit
# -- Skipping module delay_data
# -- Skipping module delay_vaild
# -- Skipping module exponent
# -- Skipping module output_buffer
# -- Skipping module position_resolution
# -- Skipping module postpro_FSM
# -- Skipping module read_cache_decode_pos
# -- Skipping module requant
# -- Skipping module sigmoid
# -- Skipping module sp_pe_unit
# -- Skipping module write_cache_pool
# -- Compiling module yolo_layer_top
# -- Skipping module tb_position_resolution
# 
# Top level modules:
# 	tb_position_resolution
# End time: 21:55:35 on Jul 17,2023, Elapsed time: 0:00:00
# Errors: 0, Warnings: 1
# Model Technology ModelSim SE-64 vlog 10.6d Compiler 2018.02 Feb 24 2018
# Start time: 21:55:36 on Jul 17,2023
# vlog -work xil_defaultlib glbl.v 
# -- Compiling module glbl
# 
# Top level modules:
# 	glbl
# End time: 21:55:36 on Jul 17,2023, Elapsed time: 0:00:00
# Errors: 0, Warnings: 0
INFO: [USF-ModelSim-69] 'compile' step finished in '4' seconds
INFO: [USF-ModelSim-4] ModelSim::Simulate design
INFO: [USF-ModelSim-69] Executing 'SIMULATE' step in 'E:/DNNv4/pp717/dnn_690t/dnn_690t.sim/sim_2/behav/modelsim'
Program launched (PID=5132)
launch_simulation: Time (s): cpu = 00:00:07 ; elapsed = 00:00:11 . Memory (MB): peak = 1784.738 ; gain = 0.000
reset_simulation -simset sim_2 -mode behavioral
INFO: [Vivado 12-2266] Removing simulation data...
INFO: [Vivado 12-2267] Reset complete
exit
INFO: [Common 17-206] Exiting Vivado at Mon Jul 17 22:03:31 2023...
