#-----------------------------------------------------------
# Vivado v2018.3 (64-bit)
# SW Build 2405991 on Thu Dec  6 23:36:41 MST 2018
# IP Build 2404404 on Fri Dec  7 01:43:56 MST 2018
# Start of session at: Tue Nov  3 11:21:25 2020
# Process ID: 19676
# Current directory: /home/hht/gzb/DNN_690t_normal_5k/DNN_690t_origin/DNN_690t_0531/dnn_690t
# Command line: vivado
# Log file: /home/hht/gzb/DNN_690t_normal_5k/DNN_690t_origin/DNN_690t_0531/dnn_690t/vivado.log
# Journal file: /home/hht/gzb/DNN_690t_normal_5k/DNN_690t_origin/DNN_690t_0531/dnn_690t/vivado.jou
#-----------------------------------------------------------
start_gui
open_project /home/hht/gzb/DNN_690t_normal_5k/DNN_690t_origin/DNN_690t_0531/dnn_690t/dnn_690t.xpr
CRITICAL WARNING: [Project 1-19] Could not find the file '/home/hht/gzb/DNN_690t_normal_5k/DNN_690t_0531/dnn_690t/dnn_690t.srcs/sources_1/new/DSPtoQuan_new.v'.
Scanning sources...
Finished scanning sources
WARNING: [filemgmt 56-3] IP Repository Path: Could not find the directory '/home/hht/gzb/DNN_690t_normal_5k/DNN_690t_origin/DNN_690t_0531/uart_ddr1/IPfor690t'.
INFO: [IP_Flow 19-234] Refreshing IP repositories
WARNING: [IP_Flow 19-2248] Failed to load user IP repository '/home/hht/gzb/DNN_690t_normal_5k/DNN_690t_origin/DNN_690t_0531/uart_ddr1/IPfor690t'; Can't find the specified path.
If this directory should no longer be in your list of user repositories, go to the IP Settings dialog and remove it.
INFO: [IP_Flow 19-2313] Loaded Vivado IP repository '/tools/Xilinx/Vivado/2018.3/data/ip'.
CRITICAL WARNING: [Common 17-1649] The Vivado message database '/home/hht/gzb/DNN_690t_normal_5k/DNN_690t_origin/DNN_690t_0531/dnn_690t/dnn_690t.runs/synth_3/vivado.pb' contains 57334 messages. Restoring all messages from this message database will impact Vivado performance, so only WARNING, CRITICAL WARNING, and ERROR messages will be restored. To restore all messages from this file use the tcl command 'set_param messaging.loadPbLimit 57335' and re-open the project.
open_project: Time (s): cpu = 00:00:14 ; elapsed = 00:00:07 . Memory (MB): peak = 6747.996 ; gain = 354.207 ; free physical = 108259 ; free virtual = 121879
update_compile_order -fileset sources_1
INFO: [Device 21-403] Loading part xc7vx690tffg1761-2
WARNING: [IP_Flow 19-4067] Ignoring invalid widget type specified checkbox.Providing a default widget
WARNING: [IP_Flow 19-4067] Ignoring invalid widget type specified checkbox.Providing a default widget
INFO: [IP_Flow 19-3484] Absolute path of file '/home/hht/gzb/DNN_690t_normal_5k/DNN_690t_origin/DNN_690t_0531/dnn_690t/VLIW_375_1103withoutpooling.coe' provided. It will be converted relative to IP Instance files '../../../../VLIW_375_1103withoutpooling.coe'
set_property -dict [list CONFIG.Coe_File {/home/hht/gzb/DNN_690t_normal_5k/DNN_690t_origin/DNN_690t_0531/dnn_690t/VLIW_375_1103withoutpooling.coe}] [get_ips blk_mem_gen_0]
INFO: [IP_Flow 19-3484] Absolute path of file '/home/hht/gzb/DNN_690t_normal_5k/DNN_690t_origin/DNN_690t_0531/dnn_690t/VLIW_375_1103withoutpooling.coe' provided. It will be converted relative to IP Instance files '../../../../VLIW_375_1103withoutpooling.coe'
generate_target all [get_files  /home/hht/gzb/DNN_690t_normal_5k/DNN_690t_origin/DNN_690t_0531/dnn_690t/dnn_690t.srcs/sources_1/ip/blk_mem_gen_0/blk_mem_gen_0.xci]
INFO: [IP_Flow 19-1686] Generating 'Instantiation Template' target for IP 'blk_mem_gen_0'...
INFO: [IP_Flow 19-1686] Generating 'Synthesis' target for IP 'blk_mem_gen_0'...
INFO: [IP_Flow 19-1686] Generating 'Simulation' target for IP 'blk_mem_gen_0'...
INFO: [IP_Flow 19-1686] Generating 'Miscellaneous' target for IP 'blk_mem_gen_0'...
INFO: [IP_Flow 19-1686] Generating 'Change Log' target for IP 'blk_mem_gen_0'...
catch { config_ip_cache -export [get_ips -all blk_mem_gen_0] }
export_ip_user_files -of_objects [get_files /home/hht/gzb/DNN_690t_normal_5k/DNN_690t_origin/DNN_690t_0531/dnn_690t/dnn_690t.srcs/sources_1/ip/blk_mem_gen_0/blk_mem_gen_0.xci] -no_script -sync -force -quiet
reset_run blk_mem_gen_0_synth_1
launch_runs -jobs 20 blk_mem_gen_0_synth_1
[Tue Nov  3 11:22:12 2020] Launched blk_mem_gen_0_synth_1...
Run output will be captured here: /home/hht/gzb/DNN_690t_normal_5k/DNN_690t_origin/DNN_690t_0531/dnn_690t/dnn_690t.runs/blk_mem_gen_0_synth_1/runme.log
export_simulation -of_objects [get_files /home/hht/gzb/DNN_690t_normal_5k/DNN_690t_origin/DNN_690t_0531/dnn_690t/dnn_690t.srcs/sources_1/ip/blk_mem_gen_0/blk_mem_gen_0.xci] -directory /home/hht/gzb/DNN_690t_normal_5k/DNN_690t_origin/DNN_690t_0531/dnn_690t/dnn_690t.ip_user_files/sim_scripts -ip_user_files_dir /home/hht/gzb/DNN_690t_normal_5k/DNN_690t_origin/DNN_690t_0531/dnn_690t/dnn_690t.ip_user_files -ipstatic_source_dir /home/hht/gzb/DNN_690t_normal_5k/DNN_690t_origin/DNN_690t_0531/dnn_690t/dnn_690t.ip_user_files/ipstatic -lib_map_path [list {modelsim=/modeltech64_10.6d/vivado2018.2_lib} {questa=/home/hht/gzb/DNN_690t_normal_5k/DNN_690t_origin/DNN_690t_0531/dnn_690t/dnn_690t.cache/compile_simlib/questa} {ies=/home/hht/gzb/DNN_690t_normal_5k/DNN_690t_origin/DNN_690t_0531/dnn_690t/dnn_690t.cache/compile_simlib/ies} {xcelium=/home/hht/gzb/DNN_690t_normal_5k/DNN_690t_origin/DNN_690t_0531/dnn_690t/dnn_690t.cache/compile_simlib/xcelium} {vcs=/home/hht/gzb/DNN_690t_normal_5k/DNN_690t_origin/DNN_690t_0531/dnn_690t/dnn_690t.cache/compile_simlib/vcs} {riviera=/home/hht/gzb/DNN_690t_normal_5k/DNN_690t_origin/DNN_690t_0531/dnn_690t/dnn_690t.cache/compile_simlib/riviera}] -use_ip_compiled_libs -force -quiet
WARNING: [IP_Flow 19-4067] Ignoring invalid widget type specified checkbox.Providing a default widget
WARNING: [IP_Flow 19-4067] Ignoring invalid widget type specified checkbox.Providing a default widget
reset_run synth_3
launch_runs impl_4 -to_step write_bitstream -jobs 20
INFO: [Vivado 12-4149] The synthesis checkpoint for IP '/home/hht/gzb/DNN_690t_normal_5k/DNN_690t_origin/DNN_690t_0531/dnn_690t/dnn_690t.srcs/sources_1/ip/dram_32m16/dram_32m16.xci' is already up-to-date
[Tue Nov  3 11:23:56 2020] Launched synth_3...
Run output will be captured here: /home/hht/gzb/DNN_690t_normal_5k/DNN_690t_origin/DNN_690t_0531/dnn_690t/dnn_690t.runs/synth_3/runme.log
[Tue Nov  3 11:23:56 2020] Launched impl_4...
Run output will be captured here: /home/hht/gzb/DNN_690t_normal_5k/DNN_690t_origin/DNN_690t_0531/dnn_690t/dnn_690t.runs/impl_4/runme.log
CRITICAL WARNING: [Common 17-1649] The Vivado message database '/home/hht/gzb/DNN_690t_normal_5k/DNN_690t_origin/DNN_690t_0531/dnn_690t/dnn_690t.runs/synth_3/vivado.pb' contains 57334 messages. Restoring all messages from this message database will impact Vivado performance, so only WARNING, CRITICAL WARNING, and ERROR messages will be restored. To restore all messages from this file use the tcl command 'set_param messaging.loadPbLimit 57335' and re-open the project.
WARNING: [IP_Flow 19-4067] Ignoring invalid widget type specified checkbox.Providing a default widget
WARNING: [IP_Flow 19-4067] Ignoring invalid widget type specified checkbox.Providing a default widget
WARNING: [IP_Flow 19-4067] Ignoring invalid widget type specified checkbox.Providing a default widget
WARNING: [IP_Flow 19-4067] Ignoring invalid widget type specified checkbox.Providing a default widget
WARNING: [IP_Flow 19-4067] Ignoring invalid widget type specified checkbox.Providing a default widget
WARNING: [IP_Flow 19-4067] Ignoring invalid widget type specified checkbox.Providing a default widget
WARNING: [IP_Flow 19-4067] Ignoring invalid widget type specified checkbox.Providing a default widget
WARNING: [IP_Flow 19-4067] Ignoring invalid widget type specified checkbox.Providing a default widget
reset_run synth_3
launch_runs synth_3 -jobs 20
INFO: [Vivado 12-4149] The synthesis checkpoint for IP '/home/hht/gzb/DNN_690t_normal_5k/DNN_690t_origin/DNN_690t_0531/dnn_690t/dnn_690t.srcs/sources_1/ip/dram_32m16/dram_32m16.xci' is already up-to-date
[Tue Nov  3 16:06:02 2020] Launched synth_3...
Run output will be captured here: /home/hht/gzb/DNN_690t_normal_5k/DNN_690t_origin/DNN_690t_0531/dnn_690t/dnn_690t.runs/synth_3/runme.log
reset_run synth_3
launch_runs impl_4 -to_step write_bitstream -jobs 20
INFO: [Vivado 12-4149] The synthesis checkpoint for IP '/home/hht/gzb/DNN_690t_normal_5k/DNN_690t_origin/DNN_690t_0531/dnn_690t/dnn_690t.srcs/sources_1/ip/dram_32m16/dram_32m16.xci' is already up-to-date
[Tue Nov  3 16:06:13 2020] Launched synth_3...
Run output will be captured here: /home/hht/gzb/DNN_690t_normal_5k/DNN_690t_origin/DNN_690t_0531/dnn_690t/dnn_690t.runs/synth_3/runme.log
[Tue Nov  3 16:06:13 2020] Launched impl_4...
Run output will be captured here: /home/hht/gzb/DNN_690t_normal_5k/DNN_690t_origin/DNN_690t_0531/dnn_690t/dnn_690t.runs/impl_4/runme.log
CRITICAL WARNING: [Common 17-1649] The Vivado message database '/home/hht/gzb/DNN_690t_normal_5k/DNN_690t_origin/DNN_690t_0531/dnn_690t/dnn_690t.runs/synth_3/vivado.pb' contains 57334 messages. Restoring all messages from this message database will impact Vivado performance, so only WARNING, CRITICAL WARNING, and ERROR messages will be restored. To restore all messages from this file use the tcl command 'set_param messaging.loadPbLimit 57335' and re-open the project.
WARNING: [IP_Flow 19-4067] Ignoring invalid widget type specified checkbox.Providing a default widget
WARNING: [IP_Flow 19-4067] Ignoring invalid widget type specified checkbox.Providing a default widget
exit
INFO: [Common 17-206] Exiting Vivado at Tue Nov  3 19:13:50 2020...
