#-----------------------------------------------------------
# Vivado v2018.2 (64-bit)
# SW Build 2258646 on Thu Jun 14 20:03:12 MDT 2018
# IP Build 2256618 on Thu Jun 14 22:10:49 MDT 2018
# Start of session at: Sun Jun  7 22:36:33 2020
# Process ID: 9156
# Current directory: D:/DNN/DNN_690t_origin/DNN_690t_0531/dnn_690t
# Command line: vivado.exe -gui_launcher_event rodinguilauncherevent5396 D:\DNN\DNN_690t_origin\DNN_690t_0531\dnn_690t\dnn_690t.xpr
# Log file: D:/DNN/DNN_690t_origin/DNN_690t_0531/dnn_690t/vivado.log
# Journal file: D:/DNN/DNN_690t_origin/DNN_690t_0531/dnn_690t\vivado.jou
#-----------------------------------------------------------
start_gui
open_project D:/DNN/DNN_690t_origin/DNN_690t_0531/dnn_690t/dnn_690t.xpr
INFO: [Project 1-313] Project file moved from 'D:/DNN/DNN_690t_0531/dnn_690t' since last save.
Scanning sources...
Finished scanning sources
WARNING: [filemgmt 56-2] IP Repository Path: Could not find the directory 'D:/DNN/DNN_690t_origin/DNN_690t_0531/uart_ddr1/IPfor690t', nor could it be found using path 'D:/DNN/DNN_690t_0531/uart_ddr1/IPfor690t'.
INFO: [IP_Flow 19-234] Refreshing IP repositories
WARNING: [IP_Flow 19-2248] Failed to load user IP repository 'd:/DNN/DNN_690t_origin/DNN_690t_0531/uart_ddr1/IPfor690t'; Can't find the specified path.
If this directory should no longer be in your list of user repositories, go to the IP Settings dialog and remove it.
INFO: [IP_Flow 19-2313] Loaded Vivado IP repository 'D:/Xilinx/Vivado/2018.2/data/ip'.
open_project: Time (s): cpu = 00:00:39 ; elapsed = 00:00:32 . Memory (MB): peak = 1236.375 ; gain = 461.258
update_compile_order -fileset sources_1
update_compile_order -fileset sources_1
create_ip -name fifo_generator -vendor xilinx.com -library ip -version 13.2 -module_name fifo_generator_0 -dir d:/DNN/DNN_690t_origin/DNN_690t_0531/dnn_690t/dnn_690t.srcs/sources_1/ip
set_property -dict [list CONFIG.Fifo_Implementation {Independent_Clocks_Block_RAM} CONFIG.Input_Data_Width {768} CONFIG.Output_Data_Width {768} CONFIG.Reset_Pin {false} CONFIG.Reset_Type {Asynchronous_Reset} CONFIG.Full_Flags_Reset_Value {0} CONFIG.Use_Dout_Reset {false} CONFIG.Write_Data_Count {true} CONFIG.Read_Data_Count {true} CONFIG.Full_Threshold_Assert_Value {1021} CONFIG.Full_Threshold_Negate_Value {1020} CONFIG.Enable_Safety_Circuit {false}] [get_ips fifo_generator_0]
generate_target {instantiation_template} [get_files d:/DNN/DNN_690t_origin/DNN_690t_0531/dnn_690t/dnn_690t.srcs/sources_1/ip/fifo_generator_0/fifo_generator_0.xci]
INFO: [IP_Flow 19-1686] Generating 'Instantiation Template' target for IP 'fifo_generator_0'...
generate_target all [get_files  d:/DNN/DNN_690t_origin/DNN_690t_0531/dnn_690t/dnn_690t.srcs/sources_1/ip/fifo_generator_0/fifo_generator_0.xci]
INFO: [IP_Flow 19-1686] Generating 'Synthesis' target for IP 'fifo_generator_0'...
INFO: [IP_Flow 19-1686] Generating 'Simulation' target for IP 'fifo_generator_0'...
INFO: [IP_Flow 19-1686] Generating 'Change Log' target for IP 'fifo_generator_0'...
catch { config_ip_cache -export [get_ips -all fifo_generator_0] }
export_ip_user_files -of_objects [get_files d:/DNN/DNN_690t_origin/DNN_690t_0531/dnn_690t/dnn_690t.srcs/sources_1/ip/fifo_generator_0/fifo_generator_0.xci] -no_script -sync -force -quiet
create_ip_run [get_files -of_objects [get_fileset sources_1] d:/DNN/DNN_690t_origin/DNN_690t_0531/dnn_690t/dnn_690t.srcs/sources_1/ip/fifo_generator_0/fifo_generator_0.xci]
launch_runs -jobs 16 fifo_generator_0_synth_1
[Sun Jun  7 22:40:23 2020] Launched fifo_generator_0_synth_1...
Run output will be captured here: D:/DNN/DNN_690t_origin/DNN_690t_0531/dnn_690t/dnn_690t.runs/fifo_generator_0_synth_1/runme.log
export_simulation -of_objects [get_files d:/DNN/DNN_690t_origin/DNN_690t_0531/dnn_690t/dnn_690t.srcs/sources_1/ip/fifo_generator_0/fifo_generator_0.xci] -directory D:/DNN/DNN_690t_origin/DNN_690t_0531/dnn_690t/dnn_690t.ip_user_files/sim_scripts -ip_user_files_dir D:/DNN/DNN_690t_origin/DNN_690t_0531/dnn_690t/dnn_690t.ip_user_files -ipstatic_source_dir D:/DNN/DNN_690t_origin/DNN_690t_0531/dnn_690t/dnn_690t.ip_user_files/ipstatic -lib_map_path [list {modelsim=C:/modeltech64_10.6d/vivado2018.2_lib} {questa=D:/DNN/DNN_690t_origin/DNN_690t_0531/dnn_690t/dnn_690t.cache/compile_simlib/questa} {riviera=D:/DNN/DNN_690t_origin/DNN_690t_0531/dnn_690t/dnn_690t.cache/compile_simlib/riviera} {activehdl=D:/DNN/DNN_690t_origin/DNN_690t_0531/dnn_690t/dnn_690t.cache/compile_simlib/activehdl}] -use_ip_compiled_libs -force -quiet
WARNING: [IP_Flow 19-4067] Ignoring invalid widget type specified checkbox.Providing a default widget
add_files -norecurse D:/DNN/DNN_690t_0531/dnn_690t/dnn_690t.srcs/sources_1/new/DSPtoQuan_new.v
update_compile_order -fileset sources_1
WARNING: [IP_Flow 19-4067] Ignoring invalid widget type specified checkbox.Providing a default widget
create_ip -name ila -vendor xilinx.com -library ip -version 6.2 -module_name ila_1 -dir d:/DNN/DNN_690t_origin/DNN_690t_0531/dnn_690t/dnn_690t.srcs/sources_1/ip
set_property -dict [list CONFIG.C_PROBE0_WIDTH {512} CONFIG.C_NUM_OF_PROBES {3}] [get_ips ila_1]
generate_target {instantiation_template} [get_files d:/DNN/DNN_690t_origin/DNN_690t_0531/dnn_690t/dnn_690t.srcs/sources_1/ip/ila_1/ila_1.xci]
INFO: [IP_Flow 19-1686] Generating 'Instantiation Template' target for IP 'ila_1'...
generate_target all [get_files  d:/DNN/DNN_690t_origin/DNN_690t_0531/dnn_690t/dnn_690t.srcs/sources_1/ip/ila_1/ila_1.xci]
INFO: [IP_Flow 19-1686] Generating 'Synthesis' target for IP 'ila_1'...
WARNING: [IP_Flow 19-4994] Overwriting existing constraint file 'd:/DNN/DNN_690t_origin/DNN_690t_0531/dnn_690t/dnn_690t.srcs/sources_1/ip/ila_1/ila_1_ooc.xdc'
INFO: [IP_Flow 19-1686] Generating 'Simulation' target for IP 'ila_1'...
INFO: [IP_Flow 19-1686] Generating 'Implementation' target for IP 'ila_1'...
INFO: [IP_Flow 19-1686] Generating 'Change Log' target for IP 'ila_1'...
catch { config_ip_cache -export [get_ips -all ila_1] }
export_ip_user_files -of_objects [get_files d:/DNN/DNN_690t_origin/DNN_690t_0531/dnn_690t/dnn_690t.srcs/sources_1/ip/ila_1/ila_1.xci] -no_script -sync -force -quiet
create_ip_run [get_files -of_objects [get_fileset sources_1] d:/DNN/DNN_690t_origin/DNN_690t_0531/dnn_690t/dnn_690t.srcs/sources_1/ip/ila_1/ila_1.xci]
launch_runs -jobs 16 ila_1_synth_1
[Sun Jun  7 22:44:30 2020] Launched ila_1_synth_1...
Run output will be captured here: D:/DNN/DNN_690t_origin/DNN_690t_0531/dnn_690t/dnn_690t.runs/ila_1_synth_1/runme.log
export_simulation -of_objects [get_files d:/DNN/DNN_690t_origin/DNN_690t_0531/dnn_690t/dnn_690t.srcs/sources_1/ip/ila_1/ila_1.xci] -directory D:/DNN/DNN_690t_origin/DNN_690t_0531/dnn_690t/dnn_690t.ip_user_files/sim_scripts -ip_user_files_dir D:/DNN/DNN_690t_origin/DNN_690t_0531/dnn_690t/dnn_690t.ip_user_files -ipstatic_source_dir D:/DNN/DNN_690t_origin/DNN_690t_0531/dnn_690t/dnn_690t.ip_user_files/ipstatic -lib_map_path [list {modelsim=C:/modeltech64_10.6d/vivado2018.2_lib} {questa=D:/DNN/DNN_690t_origin/DNN_690t_0531/dnn_690t/dnn_690t.cache/compile_simlib/questa} {riviera=D:/DNN/DNN_690t_origin/DNN_690t_0531/dnn_690t/dnn_690t.cache/compile_simlib/riviera} {activehdl=D:/DNN/DNN_690t_origin/DNN_690t_0531/dnn_690t/dnn_690t.cache/compile_simlib/activehdl}] -use_ip_compiled_libs -force -quiet
reset_run synth_3
launch_runs impl_4 -to_step write_bitstream -jobs 16 -scripts_only
INFO: [Vivado 12-4149] The synthesis checkpoint for IP 'D:/DNN/DNN_690t_origin/DNN_690t_0531/dnn_690t/dnn_690t.srcs/sources_1/ip/dram_32m16/dram_32m16.xci' is already up-to-date
reset_run synth_3
launch_runs impl_4 -to_step write_bitstream -jobs 16 -scripts_only
INFO: [Vivado 12-4149] The synthesis checkpoint for IP 'D:/DNN/DNN_690t_origin/DNN_690t_0531/dnn_690t/dnn_690t.srcs/sources_1/ip/dram_32m16/dram_32m16.xci' is already up-to-date
exit
INFO: [Common 17-206] Exiting Vivado at Sun Jun  7 22:50:07 2020...
